Flow report for mic1
Fri Dec 13 17:30:53 2024
Quartus II 64-Bit Version 13.0.1 Build 232 06/12/2013 Service Pack 1 SJ Web Edition


---------------------
; Table of Contents ;
---------------------
  1. Legal Notice
  2. Flow Summary
  3. Flow Settings
  4. Flow Non-Default Global Settings
  5. Flow Elapsed Time
  6. Flow OS Summary
  7. Flow Log
  8. Flow Messages
  9. Flow Suppressed Messages



----------------
; Legal Notice ;
----------------
Copyright (C) 1991-2013 Altera Corporation
Your use of Altera Corporation's design tools, logic functions 
and other software and tools, and its AMPP partner logic 
functions, and any output files from any of the foregoing 
(including device programming or simulation files), and any 
associated documentation or information are expressly subject 
to the terms and conditions of the Altera Program License 
Subscription Agreement, Altera MegaCore Function License 
Agreement, or other applicable license agreement, including, 
without limitation, that your use is for the sole purpose of 
programming logic devices manufactured by Altera and sold by 
Altera or its authorized distributors.  Please refer to the 
applicable agreement for further details.



+--------------------------------------------------------------------------------------+
; Flow Summary                                                                         ;
+------------------------------------+-------------------------------------------------+
; Flow Status                        ; Successful - Fri Dec 13 17:30:53 2024           ;
; Quartus II 64-Bit Version          ; 13.0.1 Build 232 06/12/2013 SP 1 SJ Web Edition ;
; Revision Name                      ; mic1                                            ;
; Top-level Entity Name              ; SHIFTER                                         ;
; Family                             ; Cyclone II                                      ;
; Total logic elements               ; 66 / 4,608 ( 1 % )                              ;
;     Total combinational functions  ; 66 / 4,608 ( 1 % )                              ;
;     Dedicated logic registers      ; 0 / 4,608 ( 0 % )                               ;
; Total registers                    ; 0                                               ;
; Total pins                         ; 102 / 158 ( 65 % )                              ;
; Total virtual pins                 ; 0                                               ;
; Total memory bits                  ; 0 / 119,808 ( 0 % )                             ;
; Embedded Multiplier 9-bit elements ; 0 / 26 ( 0 % )                                  ;
; Total PLLs                         ; 0 / 2 ( 0 % )                                   ;
; Device                             ; EP2C5F256C6                                     ;
; Timing Models                      ; Final                                           ;
+------------------------------------+-------------------------------------------------+


+-----------------------------------------+
; Flow Settings                           ;
+-------------------+---------------------+
; Option            ; Setting             ;
+-------------------+---------------------+
; Start date & time ; 12/13/2024 17:30:46 ;
; Main task         ; Compilation         ;
; Revision Name     ; mic1                ;
+-------------------+---------------------+


+----------------------------------------------------------------------------------------------------------------+
; Flow Non-Default Global Settings                                                                               ;
+-------------------------------------+---------------------------+---------------+-------------+----------------+
; Assignment Name                     ; Value                     ; Default Value ; Entity Name ; Section Id     ;
+-------------------------------------+---------------------------+---------------+-------------+----------------+
; COMPILER_SIGNATURE_ID               ; 0.173412184609471         ; --            ; --          ; --             ;
; EDA_GENERATE_FUNCTIONAL_NETLIST     ; On                        ; --            ; --          ; eda_simulation ;
; EDA_OUTPUT_DATA_FORMAT              ; Verilog Hdl               ; --            ; --          ; eda_simulation ;
; EDA_SIMULATION_TOOL                 ; ModelSim-Altera (Verilog) ; <None>        ; --          ; --             ;
; EDA_TIME_SCALE                      ; 1 ps                      ; --            ; --          ; eda_simulation ;
; IP_TOOL_NAME                        ; RAM: 2-PORT               ; --            ; --          ; --             ;
; IP_TOOL_NAME                        ; ROM: 1-PORT               ; --            ; --          ; --             ;
; IP_TOOL_VERSION                     ; 13.0                      ; --            ; --          ; --             ;
; IP_TOOL_VERSION                     ; 13.0                      ; --            ; --          ; --             ;
; MISC_FILE                           ; RAM.bsf                   ; --            ; --          ; --             ;
; MISC_FILE                           ; CONTROLSTORE.bsf          ; --            ; --          ; --             ;
; MISC_FILE                           ; CONTROLSTORE.cmp          ; --            ; --          ; --             ;
; PARTITION_COLOR                     ; 16764057                  ; --            ; SHIFTER     ; Top            ;
; PARTITION_FITTER_PRESERVATION_LEVEL ; PLACEMENT_AND_ROUTING     ; --            ; SHIFTER     ; Top            ;
; PARTITION_NETLIST_TYPE              ; SOURCE                    ; --            ; SHIFTER     ; Top            ;
; PROJECT_OUTPUT_DIRECTORY            ; output_files              ; --            ; --          ; --             ;
; TOP_LEVEL_ENTITY                    ; SHIFTER                   ; mic1          ; --          ; --             ;
+-------------------------------------+---------------------------+---------------+-------------+----------------+


+-------------------------------------------------------------------------------------------------------------------------------+
; Flow Elapsed Time                                                                                                             ;
+---------------------------+--------------+-------------------------+---------------------+------------------------------------+
; Module Name               ; Elapsed Time ; Average Processors Used ; Peak Virtual Memory ; Total CPU Time (on all processors) ;
+---------------------------+--------------+-------------------------+---------------------+------------------------------------+
; Analysis & Synthesis      ; 00:00:01     ; 1.0                     ; 583 MB              ; 00:00:01                           ;
; Fitter                    ; 00:00:01     ; 1.0                     ; 622 MB              ; 00:00:01                           ;
; Assembler                 ; 00:00:00     ; 1.0                     ; 523 MB              ; 00:00:00                           ;
; TimeQuest Timing Analyzer ; 00:00:00     ; 1.0                     ; 492 MB              ; 00:00:00                           ;
; EDA Netlist Writer        ; 00:00:00     ; 1.0                     ; 776 MB              ; 00:00:00                           ;
; Total                     ; 00:00:02     ; --                      ; --                  ; 00:00:02                           ;
+---------------------------+--------------+-------------------------+---------------------+------------------------------------+


+-----------------------------------------------------------------------------------------------+
; Flow OS Summary                                                                               ;
+---------------------------+------------------+------------------+------------+----------------+
; Module Name               ; Machine Hostname ; OS Name          ; OS Version ; Processor type ;
+---------------------------+------------------+------------------+------------+----------------+
; Analysis & Synthesis      ; joaodebian       ; Debian GNU/Linux ; 12         ; x86_64         ;
; Fitter                    ; joaodebian       ; Debian GNU/Linux ; 12         ; x86_64         ;
; Assembler                 ; joaodebian       ; Debian GNU/Linux ; 12         ; x86_64         ;
; TimeQuest Timing Analyzer ; joaodebian       ; Debian GNU/Linux ; 12         ; x86_64         ;
; EDA Netlist Writer        ; joaodebian       ; Debian GNU/Linux ; 12         ; x86_64         ;
+---------------------------+------------------+------------------+------------+----------------+


------------
; Flow Log ;
------------
quartus_map --read_settings_files=on --write_settings_files=off mic1 -c mic1
quartus_fit --read_settings_files=off --write_settings_files=off mic1 -c mic1
quartus_asm --read_settings_files=off --write_settings_files=off mic1 -c mic1
quartus_sta mic1 -c mic1
quartus_eda --read_settings_files=off --write_settings_files=off mic1 -c mic1



